 3 Oct 2019 01:16:20.120 [Info] Game Launcher v0.9.8
 3 Oct 2019 01:16:20.120 [Info] Allegro 4.0.1, djgpp
 3 Oct 2019 01:16:20.510 [Info] Using screen resolution of 640x480
 3 Oct 2019 01:16:20.510 [Info] OS type: Windows NT
 3 Oct 2019 01:16:20.510 [Info] Platform: djgpp
 3 Oct 2019 01:16:20.510 [Info] Installing joystick
 3 Oct 2019 01:16:20.780 [Info] Installed mouse
 3 Oct 2019 01:16:20.780 [Warn] Joystick not detected
 3 Oct 2019 01:16:20.780 [Info] Sound card type: SB 2.0 (8 bit mono auto-initialised dma)
 3 Oct 2019 01:16:21.170 [Info] Graphics driver: VESA 1.x
 3 Oct 2019 01:16:21.170 [Info] Description: VESA 3.0 (Brookdale-G Graphics Chip Accelerated VGA BIOS)
 3 Oct 2019 01:16:21.170 [Info] Using page flipping
 3 Oct 2019 01:16:21.170 [Info] No background music
 3 Oct 2019 01:16:21.170 [Info] Loading font: slicker.ttf
 3 Oct 2019 01:16:21.280 [Info] Font loaded
 3 Oct 2019 01:16:21.280 [Info] No HW blit: memory bitmap for movable bitmap
 3 Oct 2019 01:16:21.280 [Info] No HW blit: memory bitmap for movable bitmap
 3 Oct 2019 01:16:21.280 [Info] No HW blit: memory bitmap for movable bitmap
 3 Oct 2019 01:16:21.280 [Info] No HW blit: memory bitmap for movable bitmap
 3 Oct 2019 01:16:21.280 [Info] No HW blit: memory bitmap for movable bitmap
 3 Oct 2019 01:16:21.280 [Info] No HW blit: memory bitmap for movable bitmap
 3 Oct 2019 01:16:21.280 [Info] No HW blit: memory bitmap for movable bitmap
 3 Oct 2019 01:16:21.280 [Info] No HW blit: memory bitmap for movable bitmap
 3 Oct 2019 01:16:21.280 [Info] No HW blit: memory bitmap for movable bitmap
 3 Oct 2019 01:16:21.280 [Info] No HW blit: memory bitmap for movable bitmap
 3 Oct 2019 01:16:21.280 [Info] No HW blit: memory bitmap for movable bitmap
 3 Oct 2019 01:16:21.280 [Info] No HW blit: memory bitmap for movable bitmap
 3 Oct 2019 01:16:21.280 [Info] No HW blit: memory bitmap for movable bitmap
 3 Oct 2019 01:16:21.280 [Info] No HW blit: memory bitmap for movable bitmap
 3 Oct 2019 01:16:21.280 [Info] No HW blit: memory bitmap for movable bitmap
 3 Oct 2019 01:16:21.280 [Info] No HW blit: memory bitmap for movable bitmap
 3 Oct 2019 01:16:21.280 [Info] No HW blit: memory bitmap for movable bitmap
 3 Oct 2019 01:16:21.280 [Info] No HW blit: memory bitmap for movable bitmap
 3 Oct 2019 01:16:21.280 [Info] No HW blit: memory bitmap for movable bitmap
 3 Oct 2019 01:16:21.280 [Info] No HW blit: memory bitmap for movable bitmap
 3 Oct 2019 01:16:21.280 [Info] No HW blit: memory bitmap for movable bitmap
 3 Oct 2019 01:16:21.280 [Info] No HW blit: memory bitmap for movable bitmap
 3 Oct 2019 01:16:21.280 [Info] No HW blit: memory bitmap for movable bitmap
 3 Oct 2019 01:16:21.280 [Info] No HW blit: memory bitmap for movable bitmap
 3 Oct 2019 01:16:21.280 [Info] No HW blit: memory bitmap for movable bitmap
 3 Oct 2019 01:16:21.280 [Info] No HW blit: memory bitmap for movable bitmap
 3 Oct 2019 01:16:21.280 [Info] No HW blit: memory bitmap for movable bitmap
 3 Oct 2019 01:16:21.280 [Info] No HW blit: memory bitmap for movable bitmap
 3 Oct 2019 01:16:21.280 [Info] No HW blit: memory bitmap for movable bitmap
 3 Oct 2019 01:16:21.280 [Info] No HW blit: memory bitmap for movable bitmap
 3 Oct 2019 01:16:21.280 [Info] No HW blit: memory bitmap for movable bitmap
 3 Oct 2019 01:16:21.280 [Info] No HW blit: memory bitmap for movable bitmap
 3 Oct 2019 01:16:21.280 [Info] No HW blit: memory bitmap for movable bitmap
 3 Oct 2019 01:16:21.280 [Info] No HW blit: memory bitmap for movable bitmap
 3 Oct 2019 01:16:21.280 [Info] No HW blit: memory bitmap for movable bitmap
 3 Oct 2019 01:16:21.280 [Info] No HW blit: memory bitmap for movable bitmap
 3 Oct 2019 01:16:21.280 [Info] No HW blit: memory bitmap for screen shot
 3 Oct 2019 01:16:21.330 [Info] Starting engine loop
 3 Oct 2019 01:16:28.090 [Info] Quit selected
 3 Oct 2019 01:16:28.360 [Info] Average FPS: 32
 3 Oct 2019 01:16:28.360 [Info] Exitting
 3 Oct 2019 01:16:28.360 [Info] Cleaning up Launcher_Controller
 3 Oct 2019 01:16:28.580 [Info] Cleaning up Launcher_Controller: Done
